app/build/intermediates/manifest_merge_blame_file/debug/manifest-merger-blame-debug-report.txt
1<?xml version="1.0" encoding="utf-8"?>
2<manifest xmlns:android="http://schemas.android.com/apk/res/android"
3    package="com.liadk.android.pushit"
4    android:versionCode="1"
5    android:versionName="1.0" >
6
7    <uses-sdk
8        android:minSdkVersion="16"
8-->src\main\AndroidManifest.xml
9        android:targetSdkVersion="26" />
9-->src\main\AndroidManifest.xml
10
11    <uses-permission android:name="android.permission.CAMERA" />
11-->[com.github.jrvansuita:PickImage:2.1.1] AndroidManifest.xml:11:5-65
11-->[com.github.jrvansuita:PickImage:2.1.1] AndroidManifest.xml:11:22-62
12
13    <uses-feature android:name="android.hardware.camera" />
13-->[com.github.jrvansuita:PickImage:2.1.1] AndroidManifest.xml:13:5-60
13-->[com.github.jrvansuita:PickImage:2.1.1] AndroidManifest.xml:13:19-57
14    <uses-feature android:name="android.hardware.camera.autofocus" />
14-->[com.github.jrvansuita:PickImage:2.1.1] AndroidManifest.xml:14:5-70
14-->[com.github.jrvansuita:PickImage:2.1.1] AndroidManifest.xml:14:19-67
15
16    <uses-permission android:name="android.permission.WRITE_EXTERNAL_STORAGE" />
16-->[com.github.jrvansuita:PickImage:2.1.1] AndroidManifest.xml:16:5-81
16-->[com.github.jrvansuita:PickImage:2.1.1] AndroidManifest.xml:16:22-78
17    <uses-permission android:name="android.permission.READ_EXTERNAL_STORAGE" /> <!-- Although the *SdkVersion is captured in gradle build files, this is required for non gradle builds -->
18    <!-- <uses-sdk android:minSdkVersion="14"/> -->
19    <uses-permission android:name="android.permission.ACCESS_NETWORK_STATE" />
19-->[com.google.firebase:firebase-database:17.0.0] AndroidManifest.xml:25:5-79
19-->[com.google.firebase:firebase-database:17.0.0] AndroidManifest.xml:25:22-76
20    <uses-permission android:name="android.permission.INTERNET" />
20-->[com.google.firebase:firebase-database:17.0.0] AndroidManifest.xml:26:5-67
20-->[com.google.firebase:firebase-database:17.0.0] AndroidManifest.xml:26:22-64
21
22    <application
22-->src\main\AndroidManifest.xml:6:5-62:19
23        android:allowBackup="true"
23-->src\main\AndroidManifest.xml:7:9-35
24        android:appComponentFactory="android.support.v4.app.CoreComponentFactory"
24-->[com.android.support:support-compat:28.0.0] AndroidManifest.xml:22:18-91
25        android:configChanges="orientation"
25-->[com.github.jrvansuita:PickImage:2.1.1] AndroidManifest.xml:20:9-44
26        android:debuggable="true"
27        android:icon="@mipmap/ic_launcher"
27-->src\main\AndroidManifest.xml:8:9-43
28        android:label="@string/app_name"
28-->src\main\AndroidManifest.xml:9:9-41
29        android:screenOrientation="portrait"
29-->[com.github.jrvansuita:PickImage:2.1.1] AndroidManifest.xml:22:9-45
30        android:supportsRtl="true"
30-->src\main\AndroidManifest.xml:10:9-35
31        android:testOnly="true"
32        android:theme="@style/AppTheme" >
32-->src\main\AndroidManifest.xml:11:9-40
33        <activity
33-->src\main\AndroidManifest.xml:12:9-18:20
34            android:name="com.liadk.android.pushit.HomeActivity"
34-->src\main\AndroidManifest.xml:12:19-47
35            android:theme="@style/AppTheme.SettingsTheme" >
35-->src\main\AndroidManifest.xml:13:13-58
36            <intent-filter>
36-->src\main\AndroidManifest.xml:14:13-17:29
37                <action android:name="android.intent.action.MAIN" />
37-->src\main\AndroidManifest.xml:15:17-69
37-->src\main\AndroidManifest.xml:15:25-66
38
39                <category android:name="android.intent.category.LAUNCHER" />
39-->src\main\AndroidManifest.xml:16:17-77
39-->src\main\AndroidManifest.xml:16:27-74
40            </intent-filter>
41        </activity>
42        <activity
42-->src\main\AndroidManifest.xml:20:9-22:58
43            android:name="com.liadk.android.pushit.PageActivity"
43-->src\main\AndroidManifest.xml:21:13-41
44            android:parentActivityName="com.liadk.android.pushit.HomeActivity" />
44-->src\main\AndroidManifest.xml:22:13-55
45        <activity
45-->src\main\AndroidManifest.xml:23:9-26:70
46            android:name="com.liadk.android.pushit.PageSettingsActivity"
46-->src\main\AndroidManifest.xml:24:13-49
47            android:parentActivityName="com.liadk.android.pushit.PageActivity"
47-->src\main\AndroidManifest.xml:25:13-55
48            android:theme="@style/AppTheme.SettingsTheme" />
48-->src\main\AndroidManifest.xml:26:13-58
49        <activity
49-->src\main\AndroidManifest.xml:27:9-29:66
50            android:name="com.liadk.android.pushit.PageLogoActivity"
50-->src\main\AndroidManifest.xml:28:13-45
51            android:parentActivityName="com.liadk.android.pushit.PageSettingsActivity" />
51-->src\main\AndroidManifest.xml:29:13-63
52        <activity
52-->src\main\AndroidManifest.xml:30:9-32:67
53            android:name="com.liadk.android.pushit.ItemActivity"
53-->src\main\AndroidManifest.xml:31:13-41
54            android:parentActivityName="com.liadk.android.pushit.PageActivity" />
54-->src\main\AndroidManifest.xml:32:13-55
55        <activity
55-->src\main\AndroidManifest.xml:33:9-37:20
56            android:name="com.liadk.android.pushit.EditItemActivity"
56-->src\main\AndroidManifest.xml:34:13-45
57            android:parentActivityName="com.liadk.android.pushit.ItemActivity"
57-->src\main\AndroidManifest.xml:35:13-55
58            android:windowSoftInputMode="stateHidden|adjustResize" >
58-->src\main\AndroidManifest.xml:36:13-67
59        </activity>
60        <activity
60-->src\main\AndroidManifest.xml:38:9-41:79
61            android:name="com.liadk.android.pushit.CreateNotificationActivity"
61-->src\main\AndroidManifest.xml:39:13-55
62            android:parentActivityName="com.liadk.android.pushit.EditItemActivity"
62-->src\main\AndroidManifest.xml:40:13-59
63            android:windowSoftInputMode="stateHidden|adjustResize" />
63-->src\main\AndroidManifest.xml:41:13-67
64        <activity
64-->src\main\AndroidManifest.xml:42:9-43:57
65            android:name="com.liadk.android.pushit.LoginActivity"
65-->src\main\AndroidManifest.xml:42:19-48
66            android:parentActivityName="com.liadk.android.pushit.HomeActivity" />
66-->src\main\AndroidManifest.xml:43:13-55
67        <activity
67-->src\main\AndroidManifest.xml:44:9-45:57
68            android:name="com.liadk.android.pushit.CreateAccountActivity"
68-->src\main\AndroidManifest.xml:44:19-56
69            android:parentActivityName="com.liadk.android.pushit.HomeActivity" />
69-->src\main\AndroidManifest.xml:45:13-55
70        <activity
70-->src\main\AndroidManifest.xml:47:9-50:71
71            android:name="com.yalantis.ucrop.UCropActivity"
71-->src\main\AndroidManifest.xml:48:13-60
72            android:screenOrientation="portrait"
72-->src\main\AndroidManifest.xml:49:13-49
73            android:theme="@style/Theme.AppCompat.Light.NoActionBar" />
73-->src\main\AndroidManifest.xml:50:13-69
74
75        <provider
76            android:name="android.support.v4.content.FileProvider"
76-->src\main\AndroidManifest.xml:53:13-67
77            android:authorities="com.liadk.android.pushit.com.vansuita.pickimage.provider"
77-->src\main\AndroidManifest.xml:54:13-83
78            android:exported="false"
78-->src\main\AndroidManifest.xml:55:13-37
79            android:grantUriPermissions="true" >
79-->src\main\AndroidManifest.xml:56:13-47
80            <meta-data
80-->src\main\AndroidManifest.xml:58:13-60:65
81                android:name="android.support.FILE_PROVIDER_PATHS"
81-->src\main\AndroidManifest.xml:59:17-67
82                android:resource="@xml/picker_provider_paths" />
82-->src\main\AndroidManifest.xml:60:17-62
83        </provider>
84
85        <activity
85-->[com.google.firebase:firebase-auth:17.0.0] AndroidManifest.xml:24:9-31:50
86            android:name="com.google.firebase.auth.internal.FederatedSignInActivity"
86-->[com.google.firebase:firebase-auth:17.0.0] AndroidManifest.xml:25:13-85
87            android:excludeFromRecents="true"
87-->[com.google.firebase:firebase-auth:17.0.0] AndroidManifest.xml:26:13-46
88            android:exported="true"
88-->[com.google.firebase:firebase-auth:17.0.0] AndroidManifest.xml:27:13-36
89            android:launchMode="singleTask"
89-->[com.google.firebase:firebase-auth:17.0.0] AndroidManifest.xml:28:13-44
90            android:permission="com.google.firebase.auth.api.gms.permission.LAUNCH_FEDERATED_SIGN_IN"
90-->[com.google.firebase:firebase-auth:17.0.0] AndroidManifest.xml:29:13-102
91            android:theme="@android:style/Theme.Translucent.NoTitleBar" />
91-->[com.google.firebase:firebase-auth:17.0.0] AndroidManifest.xml:30:13-72
92
93        <service
93-->[com.google.firebase:firebase-auth:17.0.0] AndroidManifest.xml:33:9-39:19
94            android:name="com.google.firebase.components.ComponentDiscoveryService"
94-->[com.google.firebase:firebase-auth:17.0.0] AndroidManifest.xml:34:13-84
95            android:exported="false" >
95-->[com.google.firebase:firebase-auth:17.0.0] AndroidManifest.xml:35:13-37
96            <meta-data
96-->[com.google.firebase:firebase-auth:17.0.0] AndroidManifest.xml:36:13-38:85
97                android:name="com.google.firebase.components:com.google.firebase.auth.FirebaseAuthRegistrar"
97-->[com.google.firebase:firebase-auth:17.0.0] AndroidManifest.xml:37:17-109
98                android:value="com.google.firebase.components.ComponentRegistrar" />
98-->[com.google.firebase:firebase-auth:17.0.0] AndroidManifest.xml:38:17-82
99            <meta-data
99-->[com.google.firebase:firebase-database:17.0.0] AndroidManifest.xml:30:13-32:85
100                android:name="com.google.firebase.components:com.google.firebase.database.DatabaseRegistrar"
100-->[com.google.firebase:firebase-database:17.0.0] AndroidManifest.xml:31:17-109
101                android:value="com.google.firebase.components.ComponentRegistrar" />
101-->[com.google.firebase:firebase-database:17.0.0] AndroidManifest.xml:32:17-82
102            <meta-data
102-->[com.google.firebase:firebase-storage:17.0.0] AndroidManifest.xml:31:13-33:85
103                android:name="com.google.firebase.components:com.google.firebase.storage.StorageRegistrar"
103-->[com.google.firebase:firebase-storage:17.0.0] AndroidManifest.xml:32:17-107
104                android:value="com.google.firebase.components.ComponentRegistrar" />
104-->[com.google.firebase:firebase-storage:17.0.0] AndroidManifest.xml:33:17-82
105        </service>
106
107        <activity
107-->[com.google.android.gms:play-services-base:16.0.1] AndroidManifest.xml:23:9-26:75
108            android:name="com.google.android.gms.common.api.GoogleApiActivity"
108-->[com.google.android.gms:play-services-base:16.0.1] AndroidManifest.xml:24:13-79
109            android:exported="false"
109-->[com.google.android.gms:play-services-base:16.0.1] AndroidManifest.xml:25:13-37
110            android:theme="@android:style/Theme.Translucent.NoTitleBar" />
110-->[com.google.android.gms:play-services-base:16.0.1] AndroidManifest.xml:26:13-72
111
112        <provider
112-->[com.google.firebase:firebase-common:17.0.0] AndroidManifest.xml:12:9-16:39
113            android:name="com.google.firebase.provider.FirebaseInitProvider"
113-->[com.google.firebase:firebase-common:17.0.0] AndroidManifest.xml:13:13-77
114            android:authorities="com.liadk.android.pushit.firebaseinitprovider"
114-->[com.google.firebase:firebase-common:17.0.0] AndroidManifest.xml:14:13-72
115            android:exported="false"
115-->[com.google.firebase:firebase-common:17.0.0] AndroidManifest.xml:15:13-37
116            android:initOrder="100" />
116-->[com.google.firebase:firebase-common:17.0.0] AndroidManifest.xml:16:13-36
117
118        <meta-data
118-->[com.google.android.gms:play-services-basement:16.1.0] AndroidManifest.xml:23:9-25:69
119            android:name="com.google.android.gms.version"
119-->[com.google.android.gms:play-services-basement:16.1.0] AndroidManifest.xml:24:13-58
120            android:value="@integer/google_play_services_version" />
120-->[com.google.android.gms:play-services-basement:16.1.0] AndroidManifest.xml:25:13-66
121        <meta-data
121-->[com.android.support:support-v4:26.1.0] AndroidManifest.xml:26:9-28:38
122            android:name="android.support.VERSION"
122-->[com.android.support:support-v4:26.1.0] AndroidManifest.xml:27:13-51
123            android:value="26.1.0" />
123-->[com.android.support:support-v4:26.1.0] AndroidManifest.xml:28:13-35
124    </application>
125
126</manifest>